<html>
<head>
<title>TestNG:  Test</title>
<link href="../testng.css" rel="stylesheet" type="text/css" />
<link href="../my-testng.css" rel="stylesheet" type="text/css" />

<style type="text/css">
.log { display: none;} 
.stack-trace { display: none;} 
</style>
<script type="text/javascript">
<!--
function flip(e) {
  current = e.style.display;
  if (current == 'block') {
    e.style.display = 'none';
    return 0;
  }
  else {
    e.style.display = 'block';
    return 1;
  }
}

function toggleBox(szDivId, elem, msg1, msg2)
{
  var res = -1;  if (document.getElementById) {
    res = flip(document.getElementById(szDivId));
  }
  else if (document.all) {
    // this is the way old msie versions work
    res = flip(document.all[szDivId]);
  }
  if(elem) {
    if(res == 0) elem.innerHTML = msg1; else elem.innerHTML = msg2;
  }

}

function toggleAllBoxes() {
  if (document.getElementsByTagName) {
    d = document.getElementsByTagName('div');
    for (i = 0; i < d.length; i++) {
      if (d[i].className == 'log') {
        flip(d[i]);
      }
    }
  }
}

// -->
</script>

</head>
<body>
<h2 align='center'>Test</h2><table border='1' align="center">
<tr>
<td>Tests passed/Failed/Skipped:</td><td>9/3/16</td>
</tr><tr>
<td>Started on:</td><td>Sat Dec 12 12:55:34 IST 2020</td>
</tr>
<tr><td>Total time:</td><td>98 seconds (98348 ms)</td>
</tr><tr>
<td>Included groups:</td><td></td>
</tr><tr>
<td>Excluded groups:</td><td></td>
</tr>
</table><p/>
<small><i>(Hover the method name to see the test class name)</i></small><p/>
<table width='100%' border='1' class='invocation-failed'>
<tr><td colspan='4' align='center'><b>FAILED CONFIGURATIONS</b></td></tr>
<tr><td><b>Test method</b></td>
<td width="30%"><b>Exception</b></td>
<td width="10%"><b>Time (seconds)</b></td>
<td><b>Instance</b></td>
</tr>
<tr>
<td title='test.GenericMethodForSelectDropdown.tearDown()'><b>tearDown</b><br>Test class: test.GenericMethodForSelectDropdown<br>Parameters: [TestResult name=DemoTest status=FAILURE method=GenericMethodForSelectDropdown.DemoTest()[pri:0, instance:test.GenericMethodForSelectDropdown@2758fe70] output={null}]</td>
<td><div><pre>org.openqa.selenium.NoSuchSessionException: Session ID is null. Using WebDriver after calling quit()?
Build info: version: &apos;4.0.0-alpha-7&apos;, revision: &apos;de8579b6d5&apos;
System info: host: &apos;DESKTOP-3GRCN6M&apos;, ip: &apos;192.168.43.63&apos;, os.name: &apos;Windows 10&apos;, os.arch: &apos;amd64&apos;, os.version: &apos;10.0&apos;, java.version: &apos;1.8.0_271&apos;
Driver info: driver.version: Driver
	at org.openqa.selenium.remote.HttpCommandExecutor.execute(HttpCommandExecutor.java:128)
	at org.openqa.selenium.remote.service.DriverCommandExecutor.execute(DriverCommandExecutor.java:123)
	at org.openqa.selenium.remote.RemoteWebDriver.execute(RemoteWebDriver.java:501)
	at org.openqa.selenium.remote.RemoteWebDriver.execute(RemoteWebDriver.java:558)
	at org.openqa.selenium.remote.RemoteWebDriver.execute(RemoteWebDriver.java:562)
	at org.openqa.selenium.remote.RemoteWebDriver.close(RemoteWebDriver.java:387)
	at com.automation.aws.driver.Driver.tearDown(Driver.java:88)
	at java.util.concurrent.FutureTask.run(FutureTask.java:266)
	at java.util.concurrent.ThreadPoolExecutor.runWorker(ThreadPoolExecutor.java:1149)
	at java.util.concurrent.ThreadPoolExecutor$Worker.run(ThreadPoolExecutor.java:624)
	at java.lang.Thread.run(Thread.java:748)
... Removed 18 stack frames</pre></div><a href='#' onClick='toggleBox("stack-trace1103796371", this, "Click to show all stack frames", "Click to hide stack frames")'>Click to show all stack frames</a>
<div class='stack-trace' id='stack-trace1103796371'><pre>org.openqa.selenium.NoSuchSessionException: Session ID is null. Using WebDriver after calling quit()?
Build info: version: &apos;4.0.0-alpha-7&apos;, revision: &apos;de8579b6d5&apos;
System info: host: &apos;DESKTOP-3GRCN6M&apos;, ip: &apos;192.168.43.63&apos;, os.name: &apos;Windows 10&apos;, os.arch: &apos;amd64&apos;, os.version: &apos;10.0&apos;, java.version: &apos;1.8.0_271&apos;
Driver info: driver.version: Driver
	at org.openqa.selenium.remote.HttpCommandExecutor.execute(HttpCommandExecutor.java:128)
	at org.openqa.selenium.remote.service.DriverCommandExecutor.execute(DriverCommandExecutor.java:123)
	at org.openqa.selenium.remote.RemoteWebDriver.execute(RemoteWebDriver.java:501)
	at org.openqa.selenium.remote.RemoteWebDriver.execute(RemoteWebDriver.java:558)
	at org.openqa.selenium.remote.RemoteWebDriver.execute(RemoteWebDriver.java:562)
	at org.openqa.selenium.remote.RemoteWebDriver.close(RemoteWebDriver.java:387)
	at com.automation.aws.driver.Driver.tearDown(Driver.java:88)
	at sun.reflect.NativeMethodAccessorImpl.invoke0(Native Method)
	at sun.reflect.NativeMethodAccessorImpl.invoke(NativeMethodAccessorImpl.java:62)
	at sun.reflect.DelegatingMethodAccessorImpl.invoke(DelegatingMethodAccessorImpl.java:43)
	at java.lang.reflect.Method.invoke(Method.java:498)
	at org.testng.internal.MethodInvocationHelper.invokeMethod(MethodInvocationHelper.java:86)
	at org.testng.internal.Invoker.invokeConfigurationMethod(Invoker.java:514)
	at org.testng.internal.Invoker.invokeConfigurations(Invoker.java:215)
	at org.testng.internal.Invoker.invokeMethod(Invoker.java:707)
	at org.testng.internal.Invoker.invokeTestMethod(Invoker.java:820)
	at org.testng.internal.Invoker.invokeTestMethods(Invoker.java:1128)
	at org.testng.internal.TestMethodWorker.invokeTestMethods(TestMethodWorker.java:129)
	at org.testng.internal.TestMethodWorker.run(TestMethodWorker.java:112)
	at org.testng.TestRunner.privateRun(TestRunner.java:782)
	at org.testng.TestRunner.run(TestRunner.java:632)
	at org.testng.SuiteRunner.runTest(SuiteRunner.java:366)
	at org.testng.SuiteRunner.access$000(SuiteRunner.java:39)
	at org.testng.SuiteRunner$SuiteWorker.run(SuiteRunner.java:400)
	at org.testng.internal.thread.ThreadUtil$2.call(ThreadUtil.java:64)
	at java.util.concurrent.FutureTask.run(FutureTask.java:266)
	at java.util.concurrent.ThreadPoolExecutor.runWorker(ThreadPoolExecutor.java:1149)
	at java.util.concurrent.ThreadPoolExecutor$Worker.run(ThreadPoolExecutor.java:624)
	at java.lang.Thread.run(Thread.java:748)
</pre></div></td>
<td>0</td>
<td>test.GenericMethodForSelectDropdown@2758fe70</td></tr>
</table><p>
<table width='100%' border='1' class='invocation-skipped'>
<tr><td colspan='4' align='center'><b>SKIPPED CONFIGURATIONS</b></td></tr>
<tr><td><b>Test method</b></td>
<td width="30%"><b>Exception</b></td>
<td width="10%"><b>Time (seconds)</b></td>
<td><b>Instance</b></td>
</tr>
<tr>
<td title='test.Search_TC.beforeClass()'><b>beforeClass</b><br>Test class: test.Search_TC</td>
<td></td>
<td>0</td>
<td>test.Search_TC@49fc609f</td></tr>
<tr>
<td title='test.Search_Zomato_TC.beforeClass()'><b>beforeClass</b><br>Test class: test.Search_Zomato_TC</td>
<td></td>
<td>0</td>
<td>test.Search_Zomato_TC@cd2dae5</td></tr>
<tr>
<td title='test.HandleCalender.tearDown()'><b>tearDown</b><br>Test class: test.HandleCalender</td>
<td></td>
<td>0</td>
<td>test.HandleCalender@1f36e637</td></tr>
<tr>
<td title='test.HandleDynamicHTMLTable.tearDown()'><b>tearDown</b><br>Test class: test.HandleDynamicHTMLTable</td>
<td></td>
<td>0</td>
<td>test.HandleDynamicHTMLTable@578486a3</td></tr>
<tr>
<td title='test.HandleDynamicWebTable.tearDown()'><b>tearDown</b><br>Test class: test.HandleDynamicWebTable</td>
<td></td>
<td>0</td>
<td>test.HandleDynamicWebTable@551aa95a</td></tr>
<tr>
<td title='test.HandleSpecialDropDown.tearDown()'><b>tearDown</b><br>Test class: test.HandleSpecialDropDown</td>
<td></td>
<td>0</td>
<td>test.HandleSpecialDropDown@35d176f7</td></tr>
<tr>
<td title='test.HandleTestDataUsingExcel.tearDown()'><b>tearDown</b><br>Test class: test.HandleTestDataUsingExcel</td>
<td></td>
<td>0</td>
<td>test.HandleTestDataUsingExcel@1dfe2924</td></tr>
<tr>
<td title='test.HandleUnSelectableDrpdown.tearDown()'><b>tearDown</b><br>Test class: test.HandleUnSelectableDrpdown</td>
<td></td>
<td>0</td>
<td>test.HandleUnSelectableDrpdown@6ebc05a6</td></tr>
<tr>
<td title='test.Handle_Image_TC.tearDown()'><b>tearDown</b><br>Test class: test.Handle_Image_TC</td>
<td></td>
<td>0</td>
<td>test.Handle_Image_TC@6e6c3152</td></tr>
<tr>
<td title='test.Handle_Tool_Tips.tearDown()'><b>tearDown</b><br>Test class: test.Handle_Tool_Tips</td>
<td></td>
<td>0</td>
<td>test.Handle_Tool_Tips@50b494a6</td></tr>
<tr>
<td title='test.Keyboard_Keys.tearDown()'><b>tearDown</b><br>Test class: test.Keyboard_Keys</td>
<td></td>
<td>0</td>
<td>test.Keyboard_Keys@32709393</td></tr>
<tr>
<td title='test.RelativeLocator.tearDown()'><b>tearDown</b><br>Test class: test.RelativeLocator</td>
<td></td>
<td>0</td>
<td>test.RelativeLocator@3d99d22e</td></tr>
<tr>
<td title='test.Search_TC.tearDown()'><b>tearDown</b><br>Test class: test.Search_TC</td>
<td></td>
<td>0</td>
<td>test.Search_TC@49fc609f</td></tr>
<tr>
<td title='test.Search_Zomato_TC.tearDown()'><b>tearDown</b><br>Test class: test.Search_Zomato_TC</td>
<td></td>
<td>0</td>
<td>test.Search_Zomato_TC@cd2dae5</td></tr>
<tr>
<td title='test.SVG_Handling_TC.tearDown()'><b>tearDown</b><br>Test class: test.SVG_Handling_TC</td>
<td></td>
<td>0</td>
<td>test.SVG_Handling_TC@3a883ce7</td></tr>
<tr>
<td title='test.Uploading_of_file.tearDown()'><b>tearDown</b><br>Test class: test.Uploading_of_file ()</td>
<td></td>
<td>0</td>
<td>test.Uploading_of_file@6321e813</td></tr>
<tr>
<td title='test.FreeCRM_JavascriptExecutor.tearDown()'><b>tearDown</b><br>Test class: test.FreeCRM_JavascriptExecutor</td>
<td></td>
<td>0</td>
<td>test.FreeCRM_JavascriptExecutor@2b552920</td></tr>
<tr>
<td title='test.Handling_IFrame.tearDown()'><b>tearDown</b><br>Test class: test.Handling_IFrame</td>
<td></td>
<td>0</td>
<td>test.Handling_IFrame@3dd4520b</td></tr>
</table><p>
<table width='100%' border='1' class='invocation-failed'>
<tr><td colspan='4' align='center'><b>FAILED TESTS</b></td></tr>
<tr><td><b>Test method</b></td>
<td width="30%"><b>Exception</b></td>
<td width="10%"><b>Time (seconds)</b></td>
<td><b>Instance</b></td>
</tr>
<tr>
<td title='test.GenericMethodForSelectDropdown.DemoTest()'><b>DemoTest</b><br>Test class: test.GenericMethodForSelectDropdown</td>
<td><div><pre>org.openqa.selenium.NoSuchSessionException: Session ID is null. Using WebDriver after calling quit()?
Build info: version: &apos;4.0.0-alpha-7&apos;, revision: &apos;de8579b6d5&apos;
System info: host: &apos;DESKTOP-3GRCN6M&apos;, ip: &apos;192.168.43.63&apos;, os.name: &apos;Windows 10&apos;, os.arch: &apos;amd64&apos;, os.version: &apos;10.0&apos;, java.version: &apos;1.8.0_271&apos;
Driver info: driver.version: RemoteWebDriver
	at org.openqa.selenium.remote.HttpCommandExecutor.execute(HttpCommandExecutor.java:128)
	at org.openqa.selenium.remote.service.DriverCommandExecutor.execute(DriverCommandExecutor.java:123)
	at org.openqa.selenium.remote.RemoteWebDriver.execute(RemoteWebDriver.java:501)
	at org.openqa.selenium.remote.RemoteWebDriver.get(RemoteWebDriver.java:273)
	at test.GenericMethodForSelectDropdown.DemoTest(GenericMethodForSelectDropdown.java:29)
	at java.util.concurrent.FutureTask.run(FutureTask.java:266)
	at java.util.concurrent.ThreadPoolExecutor.runWorker(ThreadPoolExecutor.java:1149)
	at java.util.concurrent.ThreadPoolExecutor$Worker.run(ThreadPoolExecutor.java:624)
	at java.lang.Thread.run(Thread.java:748)
... Removed 16 stack frames</pre></div><a href='#' onClick='toggleBox("stack-trace1308693848", this, "Click to show all stack frames", "Click to hide stack frames")'>Click to show all stack frames</a>
<div class='stack-trace' id='stack-trace1308693848'><pre>org.openqa.selenium.NoSuchSessionException: Session ID is null. Using WebDriver after calling quit()?
Build info: version: &apos;4.0.0-alpha-7&apos;, revision: &apos;de8579b6d5&apos;
System info: host: &apos;DESKTOP-3GRCN6M&apos;, ip: &apos;192.168.43.63&apos;, os.name: &apos;Windows 10&apos;, os.arch: &apos;amd64&apos;, os.version: &apos;10.0&apos;, java.version: &apos;1.8.0_271&apos;
Driver info: driver.version: RemoteWebDriver
	at org.openqa.selenium.remote.HttpCommandExecutor.execute(HttpCommandExecutor.java:128)
	at org.openqa.selenium.remote.service.DriverCommandExecutor.execute(DriverCommandExecutor.java:123)
	at org.openqa.selenium.remote.RemoteWebDriver.execute(RemoteWebDriver.java:501)
	at org.openqa.selenium.remote.RemoteWebDriver.get(RemoteWebDriver.java:273)
	at test.GenericMethodForSelectDropdown.DemoTest(GenericMethodForSelectDropdown.java:29)
	at sun.reflect.NativeMethodAccessorImpl.invoke0(Native Method)
	at sun.reflect.NativeMethodAccessorImpl.invoke(NativeMethodAccessorImpl.java:62)
	at sun.reflect.DelegatingMethodAccessorImpl.invoke(DelegatingMethodAccessorImpl.java:43)
	at java.lang.reflect.Method.invoke(Method.java:498)
	at org.testng.internal.MethodInvocationHelper.invokeMethod(MethodInvocationHelper.java:86)
	at org.testng.internal.Invoker.invokeMethod(Invoker.java:643)
	at org.testng.internal.Invoker.invokeTestMethod(Invoker.java:820)
	at org.testng.internal.Invoker.invokeTestMethods(Invoker.java:1128)
	at org.testng.internal.TestMethodWorker.invokeTestMethods(TestMethodWorker.java:129)
	at org.testng.internal.TestMethodWorker.run(TestMethodWorker.java:112)
	at org.testng.TestRunner.privateRun(TestRunner.java:782)
	at org.testng.TestRunner.run(TestRunner.java:632)
	at org.testng.SuiteRunner.runTest(SuiteRunner.java:366)
	at org.testng.SuiteRunner.access$000(SuiteRunner.java:39)
	at org.testng.SuiteRunner$SuiteWorker.run(SuiteRunner.java:400)
	at org.testng.internal.thread.ThreadUtil$2.call(ThreadUtil.java:64)
	at java.util.concurrent.FutureTask.run(FutureTask.java:266)
	at java.util.concurrent.ThreadPoolExecutor.runWorker(ThreadPoolExecutor.java:1149)
	at java.util.concurrent.ThreadPoolExecutor$Worker.run(ThreadPoolExecutor.java:624)
	at java.lang.Thread.run(Thread.java:748)
</pre></div></td>
<td>0</td>
<td>test.GenericMethodForSelectDropdown@2758fe70</td></tr>
<tr>
<td title='test.DropDownfb.dropDownFb()'><b>dropDownFb</b><br>Test class: test.DropDownfb</td>
<td><div><pre>java.lang.IndexOutOfBoundsException: Index: 4, Size: 0
	at java.util.ArrayList.rangeCheck(ArrayList.java:659)
	at java.util.ArrayList.get(ArrayList.java:435)
	at test.DropDownfb.dropDownFb(DropDownfb.java:37)
	at java.util.concurrent.FutureTask.run(FutureTask.java:266)
	at java.util.concurrent.ThreadPoolExecutor.runWorker(ThreadPoolExecutor.java:1149)
	at java.util.concurrent.ThreadPoolExecutor$Worker.run(ThreadPoolExecutor.java:624)
	at java.lang.Thread.run(Thread.java:748)
... Removed 16 stack frames</pre></div><a href='#' onClick='toggleBox("stack-trace978174393", this, "Click to show all stack frames", "Click to hide stack frames")'>Click to show all stack frames</a>
<div class='stack-trace' id='stack-trace978174393'><pre>java.lang.IndexOutOfBoundsException: Index: 4, Size: 0
	at java.util.ArrayList.rangeCheck(ArrayList.java:659)
	at java.util.ArrayList.get(ArrayList.java:435)
	at test.DropDownfb.dropDownFb(DropDownfb.java:37)
	at sun.reflect.NativeMethodAccessorImpl.invoke0(Native Method)
	at sun.reflect.NativeMethodAccessorImpl.invoke(NativeMethodAccessorImpl.java:62)
	at sun.reflect.DelegatingMethodAccessorImpl.invoke(DelegatingMethodAccessorImpl.java:43)
	at java.lang.reflect.Method.invoke(Method.java:498)
	at org.testng.internal.MethodInvocationHelper.invokeMethod(MethodInvocationHelper.java:86)
	at org.testng.internal.Invoker.invokeMethod(Invoker.java:643)
	at org.testng.internal.Invoker.invokeTestMethod(Invoker.java:820)
	at org.testng.internal.Invoker.invokeTestMethods(Invoker.java:1128)
	at org.testng.internal.TestMethodWorker.invokeTestMethods(TestMethodWorker.java:129)
	at org.testng.internal.TestMethodWorker.run(TestMethodWorker.java:112)
	at org.testng.TestRunner.privateRun(TestRunner.java:782)
	at org.testng.TestRunner.run(TestRunner.java:632)
	at org.testng.SuiteRunner.runTest(SuiteRunner.java:366)
	at org.testng.SuiteRunner.access$000(SuiteRunner.java:39)
	at org.testng.SuiteRunner$SuiteWorker.run(SuiteRunner.java:400)
	at org.testng.internal.thread.ThreadUtil$2.call(ThreadUtil.java:64)
	at java.util.concurrent.FutureTask.run(FutureTask.java:266)
	at java.util.concurrent.ThreadPoolExecutor.runWorker(ThreadPoolExecutor.java:1149)
	at java.util.concurrent.ThreadPoolExecutor$Worker.run(ThreadPoolExecutor.java:624)
	at java.lang.Thread.run(Thread.java:748)
</pre></div></td>
<td>0</td>
<td>test.DropDownfb@610694f1</td></tr>
<tr>
<td title='test.SpamCommentUtube.spamComment()'><b>spamComment</b><br>Test class: test.SpamCommentUtube</td>
<td><div><pre>org.openqa.selenium.NoSuchElementException: no such element: Unable to locate element: {&quot;method&quot;:&quot;xpath&quot;,&quot;selector&quot;:&quot;.//*[@role=&apos;textbox&apos;]&quot;}
  (Session info: chrome=87.0.4280.88)
  (Driver info: chromedriver=2.41.578737 (49da6702b16031c40d63e5618de03a32ff6c197e),platform=Windows NT 10.0.19041 x86_64) (WARNING: The server did not provide any stacktrace information)
Command duration or timeout: 0 milliseconds
For documentation on this error, please visit: https://selenium.dev/exceptions/#no_such_element
Build info: version: &apos;4.0.0-alpha-7&apos;, revision: &apos;de8579b6d5&apos;
System info: host: &apos;DESKTOP-3GRCN6M&apos;, ip: &apos;192.168.43.63&apos;, os.name: &apos;Windows 10&apos;, os.arch: &apos;amd64&apos;, os.version: &apos;10.0&apos;, java.version: &apos;1.8.0_271&apos;
Driver info: org.openqa.selenium.chrome.ChromeDriver
Capabilities {acceptInsecureCerts: false, acceptSslCerts: false, applicationCacheEnabled: false, browserConnectionEnabled: false, browserName: chrome, chrome: {chromedriverVersion: 2.41.578737 (49da6702b16031..., userDataDir: C:\Users\Admin\AppData\Loca...}, cssSelectorsEnabled: true, databaseEnabled: false, goog:chromeOptions: {debuggerAddress: localhost:59224}, handlesAlerts: true, hasTouchScreen: false, javascriptEnabled: true, locationContextEnabled: true, mobileEmulationEnabled: false, nativeEvents: true, networkConnectionEnabled: false, pageLoadStrategy: normal, platform: XP, platformName: XP, rotatable: false, setWindowRect: true, takesHeapSnapshot: true, takesScreenshot: true, unexpectedAlertBehaviour: , unhandledPromptBehavior: , version: 87.0.4280.88, webStorageEnabled: true}
Session ID: 063ca81f5e2778ec2477a02f41ab8190
*** Element info: {Using=xpath, value=.//*[@role=&apos;textbox&apos;]}
	at org.openqa.selenium.remote.ErrorHandler.createThrowable(ErrorHandler.java:217)
	at org.openqa.selenium.remote.ErrorHandler.throwIfResponseFailed(ErrorHandler.java:169)
	at org.openqa.selenium.remote.codec.jwp.JsonHttpResponseCodec.reconstructValue(JsonHttpResponseCodec.java:41)
	at org.openqa.selenium.remote.codec.AbstractHttpResponseCodec.decode(AbstractHttpResponseCodec.java:83)
	at org.openqa.selenium.remote.codec.AbstractHttpResponseCodec.decode(AbstractHttpResponseCodec.java:47)
	at org.openqa.selenium.remote.HttpCommandExecutor.execute(HttpCommandExecutor.java:167)
	at org.openqa.selenium.remote.service.DriverCommandExecutor.execute(DriverCommandExecutor.java:123)
	at org.openqa.selenium.remote.RemoteWebDriver.execute(RemoteWebDriver.java:501)
	at org.openqa.selenium.remote.RemoteWebDriver.findElement(RemoteWebDriver.java:332)
	at org.openqa.selenium.By$ByXPath.findElement(By.java:379)
	at org.openqa.selenium.remote.RemoteWebDriver.findElement(RemoteWebDriver.java:312)
	at test.SpamCommentUtube.spamComment(SpamCommentUtube.java:54)
	at java.util.concurrent.FutureTask.run(FutureTask.java:266)
	at java.util.concurrent.ThreadPoolExecutor.runWorker(ThreadPoolExecutor.java:1149)
	at java.util.concurrent.ThreadPoolExecutor$Worker.run(ThreadPoolExecutor.java:624)
	at java.lang.Thread.run(Thread.java:748)
... Removed 20 stack frames</pre></div><a href='#' onClick='toggleBox("stack-trace1863691762", this, "Click to show all stack frames", "Click to hide stack frames")'>Click to show all stack frames</a>
<div class='stack-trace' id='stack-trace1863691762'><pre>org.openqa.selenium.NoSuchElementException: no such element: Unable to locate element: {&quot;method&quot;:&quot;xpath&quot;,&quot;selector&quot;:&quot;.//*[@role=&apos;textbox&apos;]&quot;}
  (Session info: chrome=87.0.4280.88)
  (Driver info: chromedriver=2.41.578737 (49da6702b16031c40d63e5618de03a32ff6c197e),platform=Windows NT 10.0.19041 x86_64) (WARNING: The server did not provide any stacktrace information)
Command duration or timeout: 0 milliseconds
For documentation on this error, please visit: https://selenium.dev/exceptions/#no_such_element
Build info: version: &apos;4.0.0-alpha-7&apos;, revision: &apos;de8579b6d5&apos;
System info: host: &apos;DESKTOP-3GRCN6M&apos;, ip: &apos;192.168.43.63&apos;, os.name: &apos;Windows 10&apos;, os.arch: &apos;amd64&apos;, os.version: &apos;10.0&apos;, java.version: &apos;1.8.0_271&apos;
Driver info: org.openqa.selenium.chrome.ChromeDriver
Capabilities {acceptInsecureCerts: false, acceptSslCerts: false, applicationCacheEnabled: false, browserConnectionEnabled: false, browserName: chrome, chrome: {chromedriverVersion: 2.41.578737 (49da6702b16031..., userDataDir: C:\Users\Admin\AppData\Loca...}, cssSelectorsEnabled: true, databaseEnabled: false, goog:chromeOptions: {debuggerAddress: localhost:59224}, handlesAlerts: true, hasTouchScreen: false, javascriptEnabled: true, locationContextEnabled: true, mobileEmulationEnabled: false, nativeEvents: true, networkConnectionEnabled: false, pageLoadStrategy: normal, platform: XP, platformName: XP, rotatable: false, setWindowRect: true, takesHeapSnapshot: true, takesScreenshot: true, unexpectedAlertBehaviour: , unhandledPromptBehavior: , version: 87.0.4280.88, webStorageEnabled: true}
Session ID: 063ca81f5e2778ec2477a02f41ab8190
*** Element info: {Using=xpath, value=.//*[@role=&apos;textbox&apos;]}
	at sun.reflect.NativeConstructorAccessorImpl.newInstance0(Native Method)
	at sun.reflect.NativeConstructorAccessorImpl.newInstance(NativeConstructorAccessorImpl.java:62)
	at sun.reflect.DelegatingConstructorAccessorImpl.newInstance(DelegatingConstructorAccessorImpl.java:45)
	at java.lang.reflect.Constructor.newInstance(Constructor.java:423)
	at org.openqa.selenium.remote.ErrorHandler.createThrowable(ErrorHandler.java:217)
	at org.openqa.selenium.remote.ErrorHandler.throwIfResponseFailed(ErrorHandler.java:169)
	at org.openqa.selenium.remote.codec.jwp.JsonHttpResponseCodec.reconstructValue(JsonHttpResponseCodec.java:41)
	at org.openqa.selenium.remote.codec.AbstractHttpResponseCodec.decode(AbstractHttpResponseCodec.java:83)
	at org.openqa.selenium.remote.codec.AbstractHttpResponseCodec.decode(AbstractHttpResponseCodec.java:47)
	at org.openqa.selenium.remote.HttpCommandExecutor.execute(HttpCommandExecutor.java:167)
	at org.openqa.selenium.remote.service.DriverCommandExecutor.execute(DriverCommandExecutor.java:123)
	at org.openqa.selenium.remote.RemoteWebDriver.execute(RemoteWebDriver.java:501)
	at org.openqa.selenium.remote.RemoteWebDriver.findElement(RemoteWebDriver.java:332)
	at org.openqa.selenium.By$ByXPath.findElement(By.java:379)
	at org.openqa.selenium.remote.RemoteWebDriver.findElement(RemoteWebDriver.java:312)
	at test.SpamCommentUtube.spamComment(SpamCommentUtube.java:54)
	at sun.reflect.NativeMethodAccessorImpl.invoke0(Native Method)
	at sun.reflect.NativeMethodAccessorImpl.invoke(NativeMethodAccessorImpl.java:62)
	at sun.reflect.DelegatingMethodAccessorImpl.invoke(DelegatingMethodAccessorImpl.java:43)
	at java.lang.reflect.Method.invoke(Method.java:498)
	at org.testng.internal.MethodInvocationHelper.invokeMethod(MethodInvocationHelper.java:86)
	at org.testng.internal.Invoker.invokeMethod(Invoker.java:643)
	at org.testng.internal.Invoker.invokeTestMethod(Invoker.java:820)
	at org.testng.internal.Invoker.invokeTestMethods(Invoker.java:1128)
	at org.testng.internal.TestMethodWorker.invokeTestMethods(TestMethodWorker.java:129)
	at org.testng.internal.TestMethodWorker.run(TestMethodWorker.java:112)
	at org.testng.TestRunner.privateRun(TestRunner.java:782)
	at org.testng.TestRunner.run(TestRunner.java:632)
	at org.testng.SuiteRunner.runTest(SuiteRunner.java:366)
	at org.testng.SuiteRunner.access$000(SuiteRunner.java:39)
	at org.testng.SuiteRunner$SuiteWorker.run(SuiteRunner.java:400)
	at org.testng.internal.thread.ThreadUtil$2.call(ThreadUtil.java:64)
	at java.util.concurrent.FutureTask.run(FutureTask.java:266)
	at java.util.concurrent.ThreadPoolExecutor.runWorker(ThreadPoolExecutor.java:1149)
	at java.util.concurrent.ThreadPoolExecutor$Worker.run(ThreadPoolExecutor.java:624)
	at java.lang.Thread.run(Thread.java:748)
</pre></div></td>
<td>14</td>
<td>test.SpamCommentUtube@627551fb</td></tr>
</table><p>
<table width='100%' border='1' class='invocation-passed'>
<tr><td colspan='4' align='center'><b>PASSED TESTS</b></td></tr>
<tr><td><b>Test method</b></td>
<td width="30%"><b>Exception</b></td>
<td width="10%"><b>Time (seconds)</b></td>
<td><b>Instance</b></td>
</tr>
<tr>
<td title='test.ActionOperations.DoubleClickAction()'><b>DoubleClickAction</b><br>Test class: test.ActionOperations</td>
<td></td>
<td>9</td>
<td>test.ActionOperations@5ae63ade</td></tr>
<tr>
<td title='test.InvokeBrowserUsingSearchContext.InvokeFirefox()'><b>InvokeFirefox</b><br>Test class: test.InvokeBrowserUsingSearchContext</td>
<td></td>
<td>15</td>
<td>test.InvokeBrowserUsingSearchContext@3cef309d</td></tr>
<tr>
<td title='test.TestPagefactory.Test()'><b>Test</b><br>Test class: test.TestPagefactory</td>
<td></td>
<td>14</td>
<td>test.TestPagefactory@4973813a</td></tr>
<tr>
<td title='test.Input_Output_File.createFile()'><b>createFile</b><br>Test class: test.Input_Output_File</td>
<td></td>
<td>0</td>
<td>test.Input_Output_File@3701eaf6</td></tr>
<tr>
<td title='test.Input_Output_File.fileInformation()'><b>fileInformation</b><br>Test class: test.Input_Output_File</td>
<td></td>
<td>0</td>
<td>test.Input_Output_File@3701eaf6</td></tr>
<tr>
<td title='test.Input_Output_File.read()'><b>read</b><br>Test class: test.Input_Output_File</td>
<td></td>
<td>0</td>
<td>test.Input_Output_File@3701eaf6</td></tr>
<tr>
<td title='test.FluentWaitDemo.test()'><b>test</b><br>Test class: test.FluentWaitDemo</td>
<td></td>
<td>7</td>
<td>test.FluentWaitDemo@43814d18</td></tr>
<tr>
<td title='test.Input_Output_File.write()'><b>write</b><br>Test class: test.Input_Output_File</td>
<td></td>
<td>0</td>
<td>test.Input_Output_File@3701eaf6</td></tr>
<tr>
<td title='test.WriteExcel.writeExcel()'><b>writeExcel</b><br>Test class: test.WriteExcel</td>
<td></td>
<td>1</td>
<td>test.WriteExcel@79be0360</td></tr>
</table><p>
<table width='100%' border='1' class='invocation-skipped'>
<tr><td colspan='4' align='center'><b>SKIPPED TESTS</b></td></tr>
<tr><td><b>Test method</b></td>
<td width="30%"><b>Exception</b></td>
<td width="10%"><b>Time (seconds)</b></td>
<td><b>Instance</b></td>
</tr>
<tr>
<td title='test.HandleCalender.CalenderDemo()'><b>CalenderDemo</b><br>Test class: test.HandleCalender</td>
<td></td>
<td>0</td>
<td>test.HandleCalender@1f36e637</td></tr>
<tr>
<td title='test.HandleTestDataUsingExcel.EnterGoogleSearch()'><b>EnterGoogleSearch</b><br>Test class: test.HandleTestDataUsingExcel</td>
<td></td>
<td>0</td>
<td>test.HandleTestDataUsingExcel@1dfe2924</td></tr>
<tr>
<td title='test.HandleDynamicWebTable.HandleDynaicWebTableDemo()'><b>HandleDynaicWebTableDemo</b><br>Test class: test.HandleDynamicWebTable</td>
<td></td>
<td>0</td>
<td>test.HandleDynamicWebTable@551aa95a</td></tr>
<tr>
<td title='test.HandleUnSelectableDrpdown.HandleKindoDropDown()'><b>HandleKindoDropDown</b><br>Test class: test.HandleUnSelectableDrpdown</td>
<td></td>
<td>0</td>
<td>test.HandleUnSelectableDrpdown@6ebc05a6</td></tr>
<tr>
<td title='test.HandleDynamicHTMLTable.HandleTable()'><b>HandleTable</b><br>Test class: test.HandleDynamicHTMLTable</td>
<td></td>
<td>0</td>
<td>test.HandleDynamicHTMLTable@578486a3</td></tr>
<tr>
<td title='test.Handle_Tool_Tips.HandleToolTips()'><b>HandleToolTips</b><br>Test class: test.Handle_Tool_Tips</td>
<td></td>
<td>0</td>
<td>test.Handle_Tool_Tips@50b494a6</td></tr>
<tr>
<td title='test.Handling_IFrame.Handling_youtubeIFrame()'><b>Handling_youtubeIFrame</b><br>Test class: test.Handling_IFrame</td>
<td></td>
<td>0</td>
<td>test.Handling_IFrame@3dd4520b</td></tr>
<tr>
<td title='test.RelativeLocator.RelativeLocatorDemo()'><b>RelativeLocatorDemo</b><br>Test class: test.RelativeLocator</td>
<td></td>
<td>0</td>
<td>test.RelativeLocator@3d99d22e</td></tr>
<tr>
<td title='test.HandleSpecialDropDown.SpecialDropDown()'><b>SpecialDropDown</b><br>Test class: test.HandleSpecialDropDown</td>
<td></td>
<td>0</td>
<td>test.HandleSpecialDropDown@35d176f7</td></tr>
<tr>
<td title='test.Handle_Image_TC.brokenImage()'><b>brokenImage</b><br>Test class: test.Handle_Image_TC</td>
<td></td>
<td>0</td>
<td>test.Handle_Image_TC@6e6c3152</td></tr>
<tr>
<td title='test.Uploading_of_file.fileUpload()'><b>fileUpload</b><br>Test class: test.Uploading_of_file ()</td>
<td></td>
<td>0</td>
<td>test.Uploading_of_file@6321e813</td></tr>
<tr>
<td title='test.FreeCRM_JavascriptExecutor.hradio_Btn()'><b>hradio_Btn</b><br>Test class: test.FreeCRM_JavascriptExecutor</td>
<td></td>
<td>0</td>
<td>test.FreeCRM_JavascriptExecutor@2b552920</td></tr>
<tr>
<td title='test.SVG_Handling_TC.svgHandle()'><b>svgHandle</b><br>Test class: test.SVG_Handling_TC</td>
<td></td>
<td>0</td>
<td>test.SVG_Handling_TC@3a883ce7</td></tr>
<tr>
<td title='test.Keyboard_Keys.test()'><b>test</b><br>Test class: test.Keyboard_Keys</td>
<td></td>
<td>0</td>
<td>test.Keyboard_Keys@32709393</td></tr>
<tr>
<td title='test.Search_TC.testCase1()'><b>testCase1</b><br>Test class: test.Search_TC</td>
<td></td>
<td>0</td>
<td>test.Search_TC@49fc609f</td></tr>
<tr>
<td title='test.Search_Zomato_TC.testCase1()'><b>testCase1</b><br>Test class: test.Search_Zomato_TC</td>
<td></td>
<td>0</td>
<td>test.Search_Zomato_TC@cd2dae5</td></tr>
</table><p>
</body>
</html>