<?xml version="1.0" encoding="UTF-8"?>
<!-- Generated by org.testng.reporters.JUnitXMLReporter -->
<testsuite hostname="DESKTOP-3GRCN6M" name="Test" tests="28" failures="3" timestamp="12 Dec 2020 07:27:12 GMT" time="98.348" errors="0">
  <testcase name="@AfterMethod tearDown" time="0.0" classname="test.GenericMethodForSelectDropdown">
    <failure type="org.openqa.selenium.NoSuchSessionException" message="Session ID is null. Using WebDriver after calling quit()?
Build info: version: &amp;apos;4.0.0-alpha-7&amp;apos;, revision: &amp;apos;de8579b6d5&amp;apos;
System info: host: &amp;apos;DESKTOP-3GRCN6M&amp;apos;, ip: &amp;apos;192.168.43.63&amp;apos;, os.name: &amp;apos;Windows 10&amp;apos;, os.arch: &amp;apos;amd64&amp;apos;, os.version: &amp;apos;10.0&amp;apos;, java.version: &amp;apos;1.8.0_271&amp;apos;
Driver info: driver.version: Driver">
      <![CDATA[org.openqa.selenium.NoSuchSessionException: Session ID is null. Using WebDriver after calling quit()?
Build info: version: '4.0.0-alpha-7', revision: 'de8579b6d5'
System info: host: 'DESKTOP-3GRCN6M', ip: '192.168.43.63', os.name: 'Windows 10', os.arch: 'amd64', os.version: '10.0', java.version: '1.8.0_271'
Driver info: driver.version: Driver
	at org.openqa.selenium.remote.HttpCommandExecutor.execute(HttpCommandExecutor.java:128)
	at org.openqa.selenium.remote.service.DriverCommandExecutor.execute(DriverCommandExecutor.java:123)
	at org.openqa.selenium.remote.RemoteWebDriver.execute(RemoteWebDriver.java:501)
	at org.openqa.selenium.remote.RemoteWebDriver.execute(RemoteWebDriver.java:558)
	at org.openqa.selenium.remote.RemoteWebDriver.execute(RemoteWebDriver.java:562)
	at org.openqa.selenium.remote.RemoteWebDriver.close(RemoteWebDriver.java:387)
	at com.automation.aws.driver.Driver.tearDown(Driver.java:88)
	at java.util.concurrent.FutureTask.run(FutureTask.java:266)
	at java.util.concurrent.ThreadPoolExecutor.runWorker(ThreadPoolExecutor.java:1149)
	at java.util.concurrent.ThreadPoolExecutor$Worker.run(ThreadPoolExecutor.java:624)
	at java.lang.Thread.run(Thread.java:748)
... Removed 18 stack frames]]>
    </failure>
  </testcase> <!-- @AfterMethod tearDown -->
  <testcase name="@AfterMethod tearDown" time="0.0" classname="test.HandleCalender">
    <skipped/>
  </testcase> <!-- @AfterMethod tearDown -->
  <testcase name="@AfterMethod tearDown" time="0.0" classname="test.HandleDynamicHTMLTable">
    <skipped/>
  </testcase> <!-- @AfterMethod tearDown -->
  <testcase name="@AfterMethod tearDown" time="0.0" classname="test.HandleDynamicWebTable">
    <skipped/>
  </testcase> <!-- @AfterMethod tearDown -->
  <testcase name="@AfterMethod tearDown" time="0.0" classname="test.HandleSpecialDropDown">
    <skipped/>
  </testcase> <!-- @AfterMethod tearDown -->
  <testcase name="@AfterMethod tearDown" time="0.0" classname="test.HandleTestDataUsingExcel">
    <skipped/>
  </testcase> <!-- @AfterMethod tearDown -->
  <testcase name="@AfterMethod tearDown" time="0.0" classname="test.HandleUnSelectableDrpdown">
    <skipped/>
  </testcase> <!-- @AfterMethod tearDown -->
  <testcase name="@AfterMethod tearDown" time="0.0" classname="test.Handle_Image_TC">
    <skipped/>
  </testcase> <!-- @AfterMethod tearDown -->
  <testcase name="@AfterMethod tearDown" time="0.0" classname="test.Handle_Tool_Tips">
    <skipped/>
  </testcase> <!-- @AfterMethod tearDown -->
  <testcase name="@AfterMethod tearDown" time="0.0" classname="test.Keyboard_Keys">
    <skipped/>
  </testcase> <!-- @AfterMethod tearDown -->
  <testcase name="@AfterMethod tearDown" time="0.0" classname="test.RelativeLocator">
    <skipped/>
  </testcase> <!-- @AfterMethod tearDown -->
  <testcase name="@BeforeClass beforeClass" time="0.0" classname="test.Search_TC">
    <skipped/>
  </testcase> <!-- @BeforeClass beforeClass -->
  <testcase name="@AfterMethod tearDown" time="0.0" classname="test.Search_TC">
    <skipped/>
  </testcase> <!-- @AfterMethod tearDown -->
  <testcase name="@BeforeClass beforeClass" time="0.0" classname="test.Search_Zomato_TC">
    <skipped/>
  </testcase> <!-- @BeforeClass beforeClass -->
  <testcase name="@AfterMethod tearDown" time="0.0" classname="test.Search_Zomato_TC">
    <skipped/>
  </testcase> <!-- @AfterMethod tearDown -->
  <testcase name="@AfterMethod tearDown" time="0.0" classname="test.SVG_Handling_TC">
    <skipped/>
  </testcase> <!-- @AfterMethod tearDown -->
  <testcase name="@AfterMethod tearDown" time="0.0" classname="test.Uploading_of_file">
    <skipped/>
  </testcase> <!-- @AfterMethod tearDown -->
  <testcase name="@AfterMethod tearDown" time="0.0" classname="test.FreeCRM_JavascriptExecutor">
    <skipped/>
  </testcase> <!-- @AfterMethod tearDown -->
  <testcase name="@AfterMethod tearDown" time="0.0" classname="test.Handling_IFrame">
    <skipped/>
  </testcase> <!-- @AfterMethod tearDown -->
  <testcase name="DoubleClickAction" time="9.331" classname="test.ActionOperations"/>
  <testcase name="dropDownFb" time="0.084" classname="test.DropDownfb">
    <failure type="java.lang.IndexOutOfBoundsException" message="Index: 4, Size: 0">
      <![CDATA[java.lang.IndexOutOfBoundsException: Index: 4, Size: 0
	at java.util.ArrayList.rangeCheck(ArrayList.java:659)
	at java.util.ArrayList.get(ArrayList.java:435)
	at test.DropDownfb.dropDownFb(DropDownfb.java:37)
	at java.util.concurrent.FutureTask.run(FutureTask.java:266)
	at java.util.concurrent.ThreadPoolExecutor.runWorker(ThreadPoolExecutor.java:1149)
	at java.util.concurrent.ThreadPoolExecutor$Worker.run(ThreadPoolExecutor.java:624)
	at java.lang.Thread.run(Thread.java:748)
... Removed 16 stack frames]]>
    </failure>
  </testcase> <!-- dropDownFb -->
  <testcase name="test" time="7.06" classname="test.FluentWaitDemo"/>
  <testcase name="DemoTest" time="0.007" classname="test.GenericMethodForSelectDropdown">
    <failure type="org.openqa.selenium.NoSuchSessionException" message="Session ID is null. Using WebDriver after calling quit()?
Build info: version: &amp;apos;4.0.0-alpha-7&amp;apos;, revision: &amp;apos;de8579b6d5&amp;apos;
System info: host: &amp;apos;DESKTOP-3GRCN6M&amp;apos;, ip: &amp;apos;192.168.43.63&amp;apos;, os.name: &amp;apos;Windows 10&amp;apos;, os.arch: &amp;apos;amd64&amp;apos;, os.version: &amp;apos;10.0&amp;apos;, java.version: &amp;apos;1.8.0_271&amp;apos;
Driver info: driver.version: RemoteWebDriver">
      <![CDATA[org.openqa.selenium.NoSuchSessionException: Session ID is null. Using WebDriver after calling quit()?
Build info: version: '4.0.0-alpha-7', revision: 'de8579b6d5'
System info: host: 'DESKTOP-3GRCN6M', ip: '192.168.43.63', os.name: 'Windows 10', os.arch: 'amd64', os.version: '10.0', java.version: '1.8.0_271'
Driver info: driver.version: RemoteWebDriver
	at org.openqa.selenium.remote.HttpCommandExecutor.execute(HttpCommandExecutor.java:128)
	at org.openqa.selenium.remote.service.DriverCommandExecutor.execute(DriverCommandExecutor.java:123)
	at org.openqa.selenium.remote.RemoteWebDriver.execute(RemoteWebDriver.java:501)
	at org.openqa.selenium.remote.RemoteWebDriver.get(RemoteWebDriver.java:273)
	at test.GenericMethodForSelectDropdown.DemoTest(GenericMethodForSelectDropdown.java:29)
	at java.util.concurrent.FutureTask.run(FutureTask.java:266)
	at java.util.concurrent.ThreadPoolExecutor.runWorker(ThreadPoolExecutor.java:1149)
	at java.util.concurrent.ThreadPoolExecutor$Worker.run(ThreadPoolExecutor.java:624)
	at java.lang.Thread.run(Thread.java:748)
... Removed 16 stack frames]]>
    </failure>
  </testcase> <!-- DemoTest -->
  <testcase name="CalenderDemo" time="0.002" classname="test.HandleCalender">
    <skipped/>
  </testcase> <!-- CalenderDemo -->
  <testcase name="HandleTable" time="0.003" classname="test.HandleDynamicHTMLTable">
    <skipped/>
  </testcase> <!-- HandleTable -->
  <testcase name="HandleDynaicWebTableDemo" time="0.002" classname="test.HandleDynamicWebTable">
    <skipped/>
  </testcase> <!-- HandleDynaicWebTableDemo -->
  <testcase name="SpecialDropDown" time="0.003" classname="test.HandleSpecialDropDown">
    <skipped/>
  </testcase> <!-- SpecialDropDown -->
  <testcase name="EnterGoogleSearch" time="0.001" classname="test.HandleTestDataUsingExcel">
    <skipped/>
  </testcase> <!-- EnterGoogleSearch -->
  <testcase name="HandleKindoDropDown" time="0.007" classname="test.HandleUnSelectableDrpdown">
    <skipped/>
  </testcase> <!-- HandleKindoDropDown -->
  <testcase name="brokenImage" time="0.002" classname="test.Handle_Image_TC">
    <skipped/>
  </testcase> <!-- brokenImage -->
  <testcase name="HandleToolTips" time="0.001" classname="test.Handle_Tool_Tips">
    <skipped/>
  </testcase> <!-- HandleToolTips -->
  <testcase name="InvokeFirefox" time="15.514" classname="test.InvokeBrowserUsingSearchContext"/>
  <testcase name="test" time="0.001" classname="test.Keyboard_Keys">
    <skipped/>
  </testcase> <!-- test -->
  <testcase name="RelativeLocatorDemo" time="0.001" classname="test.RelativeLocator">
    <skipped/>
  </testcase> <!-- RelativeLocatorDemo -->
  <testcase name="testCase1" time="0.01" classname="test.Search_TC">
    <skipped/>
  </testcase> <!-- testCase1 -->
  <testcase name="testCase1" time="0.001" classname="test.Search_Zomato_TC">
    <skipped/>
  </testcase> <!-- testCase1 -->
  <testcase name="spamComment" time="14.686" classname="test.SpamCommentUtube">
    <failure type="org.openqa.selenium.NoSuchElementException" message="no such element: Unable to locate element: {&amp;quot;method&amp;quot;:&amp;quot;xpath&amp;quot;,&amp;quot;selector&amp;quot;:&amp;quot;.//*[@role=&amp;apos;textbox&amp;apos;]&amp;quot;}
  (Session info: chrome=87.0.4280.88)
  (Driver info: chromedriver=2.41.578737 (49da6702b16031c40d63e5618de03a32ff6c197e),platform=Windows NT 10.0.19041 x86_64) (WARNING: The server did not provide any stacktrace information)
Command duration or timeout: 0 milliseconds
For documentation on this error, please visit: https://selenium.dev/exceptions/#no_such_element
Build info: version: &amp;apos;4.0.0-alpha-7&amp;apos;, revision: &amp;apos;de8579b6d5&amp;apos;
System info: host: &amp;apos;DESKTOP-3GRCN6M&amp;apos;, ip: &amp;apos;192.168.43.63&amp;apos;, os.name: &amp;apos;Windows 10&amp;apos;, os.arch: &amp;apos;amd64&amp;apos;, os.version: &amp;apos;10.0&amp;apos;, java.version: &amp;apos;1.8.0_271&amp;apos;
Driver info: org.openqa.selenium.chrome.ChromeDriver
Capabilities {acceptInsecureCerts: false, acceptSslCerts: false, applicationCacheEnabled: false, browserConnectionEnabled: false, browserName: chrome, chrome: {chromedriverVersion: 2.41.578737 (49da6702b16031..., userDataDir: C:\Users\Admin\AppData\Loca...}, cssSelectorsEnabled: true, databaseEnabled: false, goog:chromeOptions: {debuggerAddress: localhost:59224}, handlesAlerts: true, hasTouchScreen: false, javascriptEnabled: true, locationContextEnabled: true, mobileEmulationEnabled: false, nativeEvents: true, networkConnectionEnabled: false, pageLoadStrategy: normal, platform: XP, platformName: XP, rotatable: false, setWindowRect: true, takesHeapSnapshot: true, takesScreenshot: true, unexpectedAlertBehaviour: , unhandledPromptBehavior: , version: 87.0.4280.88, webStorageEnabled: true}
Session ID: 063ca81f5e2778ec2477a02f41ab8190
*** Element info: {Using=xpath, value=.//*[@role=&amp;apos;textbox&amp;apos;]}">
      <![CDATA[org.openqa.selenium.NoSuchElementException: no such element: Unable to locate element: {"method":"xpath","selector":".//*[@role='textbox']"}
  (Session info: chrome=87.0.4280.88)
  (Driver info: chromedriver=2.41.578737 (49da6702b16031c40d63e5618de03a32ff6c197e),platform=Windows NT 10.0.19041 x86_64) (WARNING: The server did not provide any stacktrace information)
Command duration or timeout: 0 milliseconds
For documentation on this error, please visit: https://selenium.dev/exceptions/#no_such_element
Build info: version: '4.0.0-alpha-7', revision: 'de8579b6d5'
System info: host: 'DESKTOP-3GRCN6M', ip: '192.168.43.63', os.name: 'Windows 10', os.arch: 'amd64', os.version: '10.0', java.version: '1.8.0_271'
Driver info: org.openqa.selenium.chrome.ChromeDriver
Capabilities {acceptInsecureCerts: false, acceptSslCerts: false, applicationCacheEnabled: false, browserConnectionEnabled: false, browserName: chrome, chrome: {chromedriverVersion: 2.41.578737 (49da6702b16031..., userDataDir: C:\Users\Admin\AppData\Loca...}, cssSelectorsEnabled: true, databaseEnabled: false, goog:chromeOptions: {debuggerAddress: localhost:59224}, handlesAlerts: true, hasTouchScreen: false, javascriptEnabled: true, locationContextEnabled: true, mobileEmulationEnabled: false, nativeEvents: true, networkConnectionEnabled: false, pageLoadStrategy: normal, platform: XP, platformName: XP, rotatable: false, setWindowRect: true, takesHeapSnapshot: true, takesScreenshot: true, unexpectedAlertBehaviour: , unhandledPromptBehavior: , version: 87.0.4280.88, webStorageEnabled: true}
Session ID: 063ca81f5e2778ec2477a02f41ab8190
*** Element info: {Using=xpath, value=.//*[@role='textbox']}
	at org.openqa.selenium.remote.ErrorHandler.createThrowable(ErrorHandler.java:217)
	at org.openqa.selenium.remote.ErrorHandler.throwIfResponseFailed(ErrorHandler.java:169)
	at org.openqa.selenium.remote.codec.jwp.JsonHttpResponseCodec.reconstructValue(JsonHttpResponseCodec.java:41)
	at org.openqa.selenium.remote.codec.AbstractHttpResponseCodec.decode(AbstractHttpResponseCodec.java:83)
	at org.openqa.selenium.remote.codec.AbstractHttpResponseCodec.decode(AbstractHttpResponseCodec.java:47)
	at org.openqa.selenium.remote.HttpCommandExecutor.execute(HttpCommandExecutor.java:167)
	at org.openqa.selenium.remote.service.DriverCommandExecutor.execute(DriverCommandExecutor.java:123)
	at org.openqa.selenium.remote.RemoteWebDriver.execute(RemoteWebDriver.java:501)
	at org.openqa.selenium.remote.RemoteWebDriver.findElement(RemoteWebDriver.java:332)
	at org.openqa.selenium.By$ByXPath.findElement(By.java:379)
	at org.openqa.selenium.remote.RemoteWebDriver.findElement(RemoteWebDriver.java:312)
	at test.SpamCommentUtube.spamComment(SpamCommentUtube.java:54)
	at java.util.concurrent.FutureTask.run(FutureTask.java:266)
	at java.util.concurrent.ThreadPoolExecutor.runWorker(ThreadPoolExecutor.java:1149)
	at java.util.concurrent.ThreadPoolExecutor$Worker.run(ThreadPoolExecutor.java:624)
	at java.lang.Thread.run(Thread.java:748)
... Removed 20 stack frames]]>
    </failure>
  </testcase> <!-- spamComment -->
  <testcase name="svgHandle" time="0.004" classname="test.SVG_Handling_TC">
    <skipped/>
  </testcase> <!-- svgHandle -->
  <testcase name="Test" time="14.19" classname="test.TestPagefactory"/>
  <testcase name="" time="0.001" classname="test.Uploading_of_file">
    <skipped/>
  </testcase> <!--  -->
  <testcase name="writeExcel" time="1.629" classname="test.WriteExcel"/>
  <testcase name="hradio_Btn" time="0.007" classname="test.FreeCRM_JavascriptExecutor">
    <skipped/>
  </testcase> <!-- hradio_Btn -->
  <testcase name="Handling_youtubeIFrame" time="0.001" classname="test.Handling_IFrame">
    <skipped/>
  </testcase> <!-- Handling_youtubeIFrame -->
  <testcase name="createFile" time="0.012" classname="test.Input_Output_File"/>
  <testcase name="fileInformation" time="0.002" classname="test.Input_Output_File"/>
  <testcase name="write" time="0.003" classname="test.Input_Output_File"/>
  <testcase name="read" time="0.024" classname="test.Input_Output_File"/>
</testsuite> <!-- Test -->
